<?xml version="1.0" encoding="UTF-8"?>
<testng-results skipped="0" failed="0" ignored="0" total="1" passed="1">
  <reporter-output>
  </reporter-output>
  <suite name="Suite" duration-ms="15517" started-at="2020-02-02T10:12:54Z" finished-at="2020-02-02T10:13:09Z">
    <groups>
    </groups>
    <test name="Test" duration-ms="15517" started-at="2020-02-02T10:12:54Z" finished-at="2020-02-02T10:13:09Z">
      <class name="com.inetbanking.testcases.TC_LoginTest_001">
        <test-method status="PASS" signature="setup(java.lang.String)[pri:0, instance:com.inetbanking.testcases.TC_LoginTest_001@5906ebcb]" name="setup" is-config="true" duration-ms="10337" started-at="2020-02-02T10:12:54Z" finished-at="2020-02-02T10:13:04Z">
          <params>
            <param index="0">
              <value>
                <![CDATA[chrome]]>
              </value>
            </param>
          </params>
          <reporter-output>
          </reporter-output>
        </test-method> <!-- setup -->
        <test-method status="PASS" signature="loginTest()[pri:0, instance:com.inetbanking.testcases.TC_LoginTest_001@5906ebcb]" name="loginTest" duration-ms="4068" started-at="2020-02-02T10:13:04Z" finished-at="2020-02-02T10:13:09Z">
          <reporter-output>
          </reporter-output>
        </test-method> <!-- loginTest -->
        <test-method status="PASS" signature="tearDown()[pri:0, instance:com.inetbanking.testcases.TC_LoginTest_001@5906ebcb]" name="tearDown" is-config="true" duration-ms="879" started-at="2020-02-02T10:13:09Z" finished-at="2020-02-02T10:13:09Z">
          <reporter-output>
          </reporter-output>
        </test-method> <!-- tearDown -->
      </class> <!-- com.inetbanking.testcases.TC_LoginTest_001 -->
    </test> <!-- Test -->
  </suite> <!-- Suite -->
</testng-results>
